0 info it worked if it ends with ok
1 verbose cli [ 'C:\\Program Files\\nodejs\\node.exe',
1 verbose cli   'C:\\Program Files\\nodejs\\node_modules\\npm\\bin\\npm-cli.js',
1 verbose cli   'start' ]
2 info using npm@3.10.10
3 info using node@v6.11.3
4 verbose run-script [ 'prestart', 'start', 'poststart' ]
5 info lifecycle schedule@1.0.0~prestart: schedule@1.0.0
6 silly lifecycle schedule@1.0.0~prestart: no script for prestart, continuing
7 info lifecycle schedule@1.0.0~start: schedule@1.0.0
8 verbose lifecycle schedule@1.0.0~start: unsafe-perm in lifecycle true
9 verbose lifecycle schedule@1.0.0~start: PATH: C:\Program Files\nodejs\node_modules\npm\bin\node-gyp-bin;C:\Users\Lenovo\Desktop\nodejs-apps\schedule\node_modules\.bin;C:\Users\Lenovo\bin;C:\Program Files\Git\mingw64\bin;C:\Program Files\Git\usr\local\bin;C:\Program Files\Git\usr\bin;C:\Program Files\Git\usr\bin;C:\Program Files\Git\mingw64\bin;C:\Program Files\Git\usr\bin;C:\Users\Lenovo\bin;C:\Users\Lenovo\gcc\bin;C:\Users\Lenovo\gcc\libexec\gcc\x86_64-pc-mingw32\7.1.0;C:\ProgramData\Oracle\Java\javapath;C:\Program Files (x86)\Borland\Delphi7\Bin;C:\Program Files (x86)\Borland\Delphi7\Projects\Bpl;C:\Program Files (x86)\Lenovo\FusionEngine;C:\Program Files (x86)\Intel\iCLS Client;C:\Program Files\Intel\iCLS Client;C:\WINDOWS\system32;C:\WINDOWS;C:\WINDOWS\System32\Wbem;C:\WINDOWS\System32\WindowsPowerShell\v1.0;C:\Program Files (x86)\ATI Technologies\ATI.ACE\Core-Static;C:\Program Files\Intel\Intel(R) Management Engine Components\DAL;C:\Program Files\Intel\Intel(R) Management Engine Components\IPT;C:\Program Files (x86)\Intel\Intel(R) Management Engine Components\DAL;C:\Program Files (x86)\Intel\Intel(R) Management Engine Components\IPT;C:\Program Files (x86)\Common Files\lenovo\easyplussdk\bin;C:\FPC\2.6.0\bin\i386-Win32;C:\FPC\2.6.0\bin\i386-Win32;C:\Program Files (x86)\Heroku\bin;C:\Program Files (x86)\git\cmd;C:\Users\Lenovo\Downloads\opencv\build\x64\vc14\bin;C:\Program Files (x86)\Skype\Phone;C:\Program Files\nodejs;C:\Program Files\Git\cmd;C:\Program Files\Git\mingw64\bin;C:\Program Files\Git\usr\bin;C:\Program Files (x86)\GammaTech\TumarCSP\lib;C:\Program Files\Java\jdk1.8.0_31\bin;C:\Users\Lenovo\AppData\Roaming\npm;C:\Program Files\Heroku\bin;C:\Users\Lenovo\AppData\Local\Programs\Python\Python36-32\Scripts;C:\Program Files\Git\usr\bin\vendor_perl;C:\Program Files\Git\usr\bin\core_perl
10 verbose lifecycle schedule@1.0.0~start: CWD: C:\Users\Lenovo\Desktop\nodejs-apps\schedule
11 silly lifecycle schedule@1.0.0~start: Args: [ '/d /s /c', 'node server.js' ]
12 silly lifecycle schedule@1.0.0~start: Returned: code: 1  signal: null
13 info lifecycle schedule@1.0.0~start: Failed to exec start script
14 verbose stack Error: schedule@1.0.0 start: `node server.js`
14 verbose stack Exit status 1
14 verbose stack     at EventEmitter.<anonymous> (C:\Program Files\nodejs\node_modules\npm\lib\utils\lifecycle.js:255:16)
14 verbose stack     at emitTwo (events.js:106:13)
14 verbose stack     at EventEmitter.emit (events.js:191:7)
14 verbose stack     at ChildProcess.<anonymous> (C:\Program Files\nodejs\node_modules\npm\lib\utils\spawn.js:40:14)
14 verbose stack     at emitTwo (events.js:106:13)
14 verbose stack     at ChildProcess.emit (events.js:191:7)
14 verbose stack     at maybeClose (internal/child_process.js:920:16)
14 verbose stack     at Process.ChildProcess._handle.onexit (internal/child_process.js:230:5)
15 verbose pkgid schedule@1.0.0
16 verbose cwd C:\Users\Lenovo\Desktop\nodejs-apps\schedule
17 error Windows_NT 6.3.9600
18 error argv "C:\\Program Files\\nodejs\\node.exe" "C:\\Program Files\\nodejs\\node_modules\\npm\\bin\\npm-cli.js" "start"
19 error node v6.11.3
20 error npm  v3.10.10
21 error code ELIFECYCLE
22 error schedule@1.0.0 start: `node server.js`
22 error Exit status 1
23 error Failed at the schedule@1.0.0 start script 'node server.js'.
23 error Make sure you have the latest version of node.js and npm installed.
23 error If you do, this is most likely a problem with the schedule package,
23 error not with npm itself.
23 error Tell the author that this fails on your system:
23 error     node server.js
23 error You can get information on how to open an issue for this project with:
23 error     npm bugs schedule
23 error Or if that isn't available, you can get their info via:
23 error     npm owner ls schedule
23 error There is likely additional logging output above.
24 verbose exit [ 1, true ]
